Arguments: 
  C:\Program Files\nodejs\node.exe E:\programs\bin\yarn.js add cypress

PATH: 
  C:\Program Files\Git\mingw64\bin;C:\Program Files\Git\usr\bin;C:\Users\Martin-Petrov\bin;C:\Program Files (x86)\Intel\iCLS Client;C:\Program Files\Intel\iCLS Client;C:\Windows\system32;C:\Windows;C:\Windows\System32\Wbem;C:\Windows\System32\WindowsPowerShell\v1.0;C:\Program Files (x86)\Intel\Intel(R) Management Engine Components\DAL;C:\Program Files\Intel\Intel(R) Management Engine Components\DAL;C:\Program Files (x86)\Intel\Intel(R) Management Engine Components\IPT;C:\Program Files\Intel\Intel(R) Management Engine Components\IPT;C:\Program Files (x86)\NVIDIA Corporation\PhysX\Common;C:\Program Files\dotnet;C:\Program Files\Microsoft SQL Server\130\Tools\Binn;C:\Program Files\Git\cmd;E:\xampp\php;C:\composer;C:\WINDOWS\system32;C:\WINDOWS;C:\WINDOWS\System32\Wbem;C:\WINDOWS\System32\WindowsPowerShell\v1.0;C:\WINDOWS\System32\OpenSSH;E:\programs\nvm-windows\nvm;C:\Program Files\nodejs;E:\programs\bin;C:\Users\Martin-Petrov\AppData\Local\Microsoft\WindowsApps;C:\Users\Martin Petrov\AppData\Local\Programs\Microsoft VS Code\bin;C:\Users\Martin Petrov\AppData\Roaming\Composer\vendor\bin;C:\Users\Martin Petrov\AppData\Roaming\npm;C:\Program Files\MongoDB\Server\4.0\bin;E:\programs\nvm-windows\nvm;C:\Program Files\nodejs;E:\programs\heroku\bin;C:\Users\Martin-Petrov\AppData\Local\Yarn\bin

Yarn version: 
  1.19.2

Node version: 
  12.10.0

Platform: 
  win32 x64

Trace: 
  Error: getaddrinfo ENOTFOUND registry.yarnpkg.com
      at GetAddrInfoReqWrap.onlookup [as oncomplete] (dns.js:60:26)

npm manifest: 
  {
    "name": "server",
    "version": "1.0.0",
    "description": "",
    "main": "index.js",
    "scripts": {
      "test": "mocha --require babel-register tests/*.js --exit"
    },
    "keywords": [],
    "author": "",
    "license": "ISC",
    "dependencies": {
      "babel-cli": "^6.26.0",
      "babel-preset-env": "^1.7.0",
      "body-parser": "^1.19.0",
      "chai": "^4.2.0",
      "chai-http": "^4.3.0",
      "cookie-parser": "^1.4.4",
      "cors": "^2.8.5",
      "express": "^4.17.1",
      "jsonwebtoken": "^8.5.1",
      "mocha": "^6.2.1",
      "mongoose": "^5.6.10",
      "supertest": "^4.0.2"
    }
  }

yarn manifest: 
  No manifest

Lockfile: 
  No lockfile
